<?xml version="1.0" encoding="UTF-8"?>
<robot generator="Rebot 5.0.1 (Python 3.9.2 on win32)" generated="20240919 16:26:08.644" rpa="false" schemaversion="3">
<suite id="s1" name="Tests" source="C:\Local\TestAutomationAgent\libs\robotframework\templates\default\tests">
<suite id="s1-s1" name="Import Libs Functionality" source="C:\Local\TestAutomationAgent\libs\robotframework\templates\default\tests\import_libs_functionality.robot">
<test id="s1-s1-t1" name="Test_Import_Lib" line="23">
<kw name="Press Key" library="LaptopActionsLibrary">
<arg>tab</arg>
<doc>Press a single key.
:param key: The key to be pressed (e.g., 'a', 'b', 'enter', 'tab').</doc>
<status status="PASS" starttime="20240919 16:25:27.662" endtime="20240919 16:25:27.778"/>
</kw>
<kw name="Hold And Press Key" library="LaptopActionsLibrary">
<arg>Ctrl</arg>
<arg>tab</arg>
<doc>Hold down a modifier key (like 'ctrl', 'shift') and press another key.
:param modifier: The modifier key (e.g., 'ctrl', 'shift').
:param key: The key to press while holding the modifier.</doc>
<status status="PASS" starttime="20240919 16:25:27.780" endtime="20240919 16:25:27.895"/>
</kw>
<doc>Ceci est un exemple de test utilisant les variables d'environnement</doc>
<tag>656118</tag>
<tag>Gamera</tag>
<status status="PASS" starttime="20240919 16:25:27.646" endtime="20240919 16:25:27.895"/>
</test>
<status status="PASS" starttime="20240919 16:25:26.285" endtime="20240919 16:25:27.901"/>
</suite>
<suite id="s1-s2" name="Web Functionality" source="C:\Local\TestAutomationAgent\libs\robotframework\templates\default\tests\web_functionality.robot">
<test id="s1-s2-t1" name="Example Test" line="25">
<kw name="fill login form" library="actions">
<arg>user</arg>
<arg>password</arg>
<kw name="Input Text" library="SeleniumLibrary">
<arg>${username_field_locator}</arg>
<arg>${username}</arg>
<doc>Types the given ``text`` into the text field identified by ``locator``.</doc>
<msg timestamp="20240919 16:25:26.796" level="INFO">Typing text 'user' into text field 'id=username'.</msg>
<msg timestamp="20240919 16:25:26.796" level="INFO">Cannot capture screenshot because no browser is open.</msg>
<msg timestamp="20240919 16:25:26.796" level="FAIL">No browser is open.</msg>
<status status="FAIL" starttime="20240919 16:25:26.796" endtime="20240919 16:25:26.796"/>
</kw>
<kw name="Input Text" library="SeleniumLibrary">
<arg>${password_field_locator}</arg>
<arg>${password}</arg>
<doc>Types the given ``text`` into the text field identified by ``locator``.</doc>
<status status="NOT RUN" starttime="20240919 16:25:26.811" endtime="20240919 16:25:26.813"/>
</kw>
<kw name="Click Button" library="SeleniumLibrary">
<arg>${login_button_locator}</arg>
<doc>Clicks the button identified by ``locator``.</doc>
<status status="NOT RUN" starttime="20240919 16:25:26.813" endtime="20240919 16:25:26.813"/>
</kw>
<status status="FAIL" starttime="20240919 16:25:26.796" endtime="20240919 16:25:26.814"/>
</kw>
<kw name="Maximize Browser Window" library="SeleniumLibrary">
<doc>Maximizes current browser window.</doc>
<status status="NOT RUN" starttime="20240919 16:25:26.815" endtime="20240919 16:25:26.817"/>
</kw>
<kw name="Close Browser" library="SeleniumLibrary">
<doc>Closes the current browser.</doc>
<status status="NOT RUN" starttime="20240919 16:25:26.820" endtime="20240919 16:25:26.820"/>
</kw>
<tag>656121</tag>
<status status="FAIL" starttime="20240919 16:25:26.796" endtime="20240919 16:25:26.821">No browser is open.</status>
</test>
<test id="s1-s2-t2" name="Example Test 2" line="35">
<if>
<branch type="IF" condition="'${ENVIRONMENT}' == 'dev'">
<kw name="Log" library="BuiltIn">
<arg>Exécution dans l'environnement DEV</arg>
<doc>Logs the given message with the given level.</doc>
<msg timestamp="20240919 16:25:26.825" level="INFO">Exécution dans l'environnement DEV</msg>
<status status="PASS" starttime="20240919 16:25:26.825" endtime="20240919 16:25:26.825"/>
</kw>
<kw name="Open Browser" library="SeleniumLibrary">
<arg>${dev.base_url}</arg>
<arg>${dev.browser}</arg>
<doc>Opens a new browser instance to the optional ``url``.</doc>
<msg timestamp="20240919 16:25:26.828" level="INFO">Opening browser 'chrome' to base url 'https://google.com'.</msg>
<msg timestamp="20240919 16:25:28.270" level="WARN">There was an error managing chromedriver (error sending request for url (https://googlechromelabs.github.io/chrome-for-testing/known-good-versions-with-downloads.json)); using driver found in the cache</msg>
<msg timestamp="20240919 16:25:34.359" level="INFO" html="true">&lt;/td&gt;&lt;/tr&gt;&lt;tr&gt;&lt;td colspan="3"&gt;&lt;a href="1-selenium-screenshot-1.png"&gt;&lt;img src="1-selenium-screenshot-1.png" width="800px"&gt;&lt;/a&gt;</msg>
<msg timestamp="20240919 16:25:34.360" level="FAIL">WebDriverException: Message: unknown error: net::ERR_PROXY_CONNECTION_FAILED
  (Session info: chrome=128.0.6613.138)
Stacktrace:
	GetHandleVerifier [0x00007FF6DAC99412+29090]
	(No symbol) [0x00007FF6DAC0E239]
	(No symbol) [0x00007FF6DAACB1DA]
	(No symbol) [0x00007FF6DAAC3214]
	(No symbol) [0x00007FF6DAAB4179]
	(No symbol) [0x00007FF6DAAB5F42]
	(No symbol) [0x00007FF6DAAB443F]
	(No symbol) [0x00007FF6DAAB3CD1]
	(No symbol) [0x00007FF6DAAB3C10]
	(No symbol) [0x00007FF6DAAB1ACF]
	(No symbol) [0x00007FF6DAAB214C]
	(No symbol) [0x00007FF6DAACE241]
	(No symbol) [0x00007FF6DAB673CE]
	(No symbol) [0x00007FF6DAB466EA]
	(No symbol) [0x00007FF6DAB665A2]
	(No symbol) [0x00007FF6DAB46493]
	(No symbol) [0x00007FF6DAB109D1]
	(No symbol) [0x00007FF6DAB11B31]
	GetHandleVerifier [0x00007FF6DAFB871D+3302573]
	GetHandleVerifier [0x00007FF6DB004243+3612627]
	GetHandleVerifier [0x00007FF6DAFFA417+3572135]
	GetHandleVerifier [0x00007FF6DAD55EB6+801862]
	(No symbol) [0x00007FF6DAC1945F]
	(No symbol) [0x00007FF6DAC14FB4]
	(No symbol) [0x00007FF6DAC15140]
	(No symbol) [0x00007FF6DAC0461F]
	BaseThreadInitThunk [0x00007FFDD763257D+29]
	RtlUserThreadStart [0x00007FFDD834AF28+40]
</msg>
<status status="FAIL" starttime="20240919 16:25:26.826" endtime="20240919 16:25:34.365"/>
</kw>
<status status="FAIL" starttime="20240919 16:25:26.824" endtime="20240919 16:25:34.381"/>
</branch>
<branch type="ELSE IF" condition="'${ENVIRONMENT}' == 'staging'">
<kw name="Log" library="BuiltIn">
<arg>Exécution dans l'environnement STAGING</arg>
<doc>Logs the given message with the given level.</doc>
<status status="NOT RUN" starttime="20240919 16:25:34.383" endtime="20240919 16:25:34.384"/>
</kw>
<kw name="Open Browser" library="SeleniumLibrary">
<arg>${staging.base_url}</arg>
<arg>${staging.browser}</arg>
<doc>Opens a new browser instance to the optional ``url``.</doc>
<status status="NOT RUN" starttime="20240919 16:25:34.386" endtime="20240919 16:25:34.389"/>
</kw>
<status status="NOT RUN" starttime="20240919 16:25:34.382" endtime="20240919 16:25:34.389"/>
</branch>
<branch type="ELSE IF" condition="'${ENVIRONMENT}' == 'prod'">
<kw name="Log" library="BuiltIn">
<arg>Exécution dans l'environnement PROD</arg>
<doc>Logs the given message with the given level.</doc>
<status status="NOT RUN" starttime="20240919 16:25:34.392" endtime="20240919 16:25:34.392"/>
</kw>
<kw name="Open Browser" library="SeleniumLibrary">
<arg>${prod.base_url}</arg>
<arg>${prod.browser}</arg>
<doc>Opens a new browser instance to the optional ``url``.</doc>
<status status="NOT RUN" starttime="20240919 16:25:34.392" endtime="20240919 16:25:34.393"/>
</kw>
<status status="NOT RUN" starttime="20240919 16:25:34.390" endtime="20240919 16:25:34.393"/>
</branch>
<status status="FAIL" starttime="20240919 16:25:26.824" endtime="20240919 16:25:34.393"/>
</if>
<kw name="Maximize Browser Window" library="SeleniumLibrary">
<doc>Maximizes current browser window.</doc>
<status status="NOT RUN" starttime="20240919 16:25:34.395" endtime="20240919 16:25:34.397"/>
</kw>
<kw name="Close Browser" library="SeleniumLibrary">
<doc>Closes the current browser.</doc>
<status status="NOT RUN" starttime="20240919 16:25:34.398" endtime="20240919 16:25:34.399"/>
</kw>
<status status="FAIL" starttime="20240919 16:25:26.823" endtime="20240919 16:25:34.407">WebDriverException: Message: unknown error: net::ERR_PROXY_CONNECTION_FAILED
  (Session info: chrome=128.0.6613.138)
Stacktrace:
	GetHandleVerifier [0x00007FF6DAC99412+29090]
	(No symbol) [0x00007FF6DAC0E239]
	(No symbol) [0x00007FF6DAACB1DA]
	(No symbol) [0x00007FF6DAAC3214]
	(No symbol) [0x00007FF6DAAB4179]
	(No symbol) [0x00007FF6DAAB5F42]
	(No symbol) [0x00007FF6DAAB443F]
	(No symbol) [0x00007FF6DAAB3CD1]
	(No symbol) [0x00007FF6DAAB3C10]
	(No symbol) [0x00007FF6DAAB1ACF]
	(No symbol) [0x00007FF6DAAB214C]
	(No symbol) [0x00007FF6DAACE241]
	(No symbol) [0x00007FF6DAB673CE]
	(No symbol) [0x00007FF6DAB466EA]
	(No symbol) [0x00007FF6DAB665A2]
	(No symbol) [0x00007FF6DAB46493]
	(No symbol) [0x00007FF6DAB109D1]
	(No symbol) [0x00007FF6DAB11B31]
	GetHandleVerifier [0x00007FF6DAFB871D+3302573]
	GetHandleVerifier [0x00007FF6DB004243+3612627]
	GetHandleVerifier [0x00007FF6DAFFA417+3572135]
	GetHandleVerifier [0x00007FF6DAD55EB6+801862]
	(No symbol) [0x00007FF6DAC1945F]
	(No symbol) [0x00007FF6DAC14FB4]
	(No symbol) [0x00007FF6DAC15140]
	(No symbol) [0x00007FF6DAC0461F]
	BaseThreadInitThunk [0x00007FFDD763257D+29]
	RtlUserThreadStart [0x00007FFDD834AF28+40]
</status>
</test>
<status status="FAIL" starttime="20240919 16:25:26.273" endtime="20240919 16:25:34.410"/>
</suite>
<suite id="s1-s3" name="Web Functionality Copy" source="C:\Local\TestAutomationAgent\libs\robotframework\templates\default\tests\web_functionality copy.robot">
<test id="s1-s3-t1" name="Example Test" line="25">
<kw name="fill login form" library="actions">
<arg>user</arg>
<arg>password</arg>
<kw name="Input Text" library="SeleniumLibrary">
<arg>${username_field_locator}</arg>
<arg>${username}</arg>
<doc>Types the given ``text`` into the text field identified by ``locator``.</doc>
<msg timestamp="20240919 16:25:26.744" level="INFO">Typing text 'user' into text field 'id=username'.</msg>
<msg timestamp="20240919 16:25:26.744" level="INFO">Cannot capture screenshot because no browser is open.</msg>
<msg timestamp="20240919 16:25:26.744" level="FAIL">No browser is open.</msg>
<status status="FAIL" starttime="20240919 16:25:26.744" endtime="20240919 16:25:26.744"/>
</kw>
<kw name="Input Text" library="SeleniumLibrary">
<arg>${password_field_locator}</arg>
<arg>${password}</arg>
<doc>Types the given ``text`` into the text field identified by ``locator``.</doc>
<status status="NOT RUN" starttime="20240919 16:25:26.744" endtime="20240919 16:25:26.744"/>
</kw>
<kw name="Click Button" library="SeleniumLibrary">
<arg>${login_button_locator}</arg>
<doc>Clicks the button identified by ``locator``.</doc>
<status status="NOT RUN" starttime="20240919 16:25:26.744" endtime="20240919 16:25:26.744"/>
</kw>
<status status="FAIL" starttime="20240919 16:25:26.744" endtime="20240919 16:25:26.744"/>
</kw>
<kw name="Maximize Browser Window" library="SeleniumLibrary">
<doc>Maximizes current browser window.</doc>
<status status="NOT RUN" starttime="20240919 16:25:26.760" endtime="20240919 16:25:26.760"/>
</kw>
<kw name="Close Browser" library="SeleniumLibrary">
<doc>Closes the current browser.</doc>
<status status="NOT RUN" starttime="20240919 16:25:26.760" endtime="20240919 16:25:26.760"/>
</kw>
<tag>656121</tag>
<status status="FAIL" starttime="20240919 16:25:26.744" endtime="20240919 16:25:26.763">No browser is open.</status>
</test>
<test id="s1-s3-t2" name="Example Test 2" line="35">
<if>
<branch type="IF" condition="'${ENVIRONMENT}' == 'dev'">
<kw name="Log" library="BuiltIn">
<arg>Exécution dans l'environnement DEV</arg>
<doc>Logs the given message with the given level.</doc>
<msg timestamp="20240919 16:25:26.770" level="INFO">Exécution dans l'environnement DEV</msg>
<status status="PASS" starttime="20240919 16:25:26.770" endtime="20240919 16:25:26.771"/>
</kw>
<kw name="Open Browser" library="SeleniumLibrary">
<arg>${dev.base_url}</arg>
<arg>${dev.browser}</arg>
<doc>Opens a new browser instance to the optional ``url``.</doc>
<msg timestamp="20240919 16:25:26.773" level="INFO">Opening browser 'chrome' to base url 'https://google.com'.</msg>
<msg timestamp="20240919 16:25:28.247" level="WARN">There was an error managing chromedriver (error sending request for url (https://googlechromelabs.github.io/chrome-for-testing/known-good-versions-with-downloads.json)); using driver found in the cache</msg>
<msg timestamp="20240919 16:25:34.341" level="INFO" html="true">&lt;/td&gt;&lt;/tr&gt;&lt;tr&gt;&lt;td colspan="3"&gt;&lt;a href="2-selenium-screenshot-1.png"&gt;&lt;img src="2-selenium-screenshot-1.png" width="800px"&gt;&lt;/a&gt;</msg>
<msg timestamp="20240919 16:25:34.342" level="FAIL">WebDriverException: Message: unknown error: net::ERR_PROXY_CONNECTION_FAILED
  (Session info: chrome=128.0.6613.138)
Stacktrace:
	GetHandleVerifier [0x00007FF6DAC99412+29090]
	(No symbol) [0x00007FF6DAC0E239]
	(No symbol) [0x00007FF6DAACB1DA]
	(No symbol) [0x00007FF6DAAC3214]
	(No symbol) [0x00007FF6DAAB4179]
	(No symbol) [0x00007FF6DAAB5F42]
	(No symbol) [0x00007FF6DAAB443F]
	(No symbol) [0x00007FF6DAAB3CD1]
	(No symbol) [0x00007FF6DAAB3C10]
	(No symbol) [0x00007FF6DAAB1ACF]
	(No symbol) [0x00007FF6DAAB214C]
	(No symbol) [0x00007FF6DAACE241]
	(No symbol) [0x00007FF6DAB673CE]
	(No symbol) [0x00007FF6DAB466EA]
	(No symbol) [0x00007FF6DAB665A2]
	(No symbol) [0x00007FF6DAB46493]
	(No symbol) [0x00007FF6DAB109D1]
	(No symbol) [0x00007FF6DAB11B31]
	GetHandleVerifier [0x00007FF6DAFB871D+3302573]
	GetHandleVerifier [0x00007FF6DB004243+3612627]
	GetHandleVerifier [0x00007FF6DAFFA417+3572135]
	GetHandleVerifier [0x00007FF6DAD55EB6+801862]
	(No symbol) [0x00007FF6DAC1945F]
	(No symbol) [0x00007FF6DAC14FB4]
	(No symbol) [0x00007FF6DAC15140]
	(No symbol) [0x00007FF6DAC0461F]
	BaseThreadInitThunk [0x00007FFDD763257D+29]
	RtlUserThreadStart [0x00007FFDD834AF28+40]
</msg>
<status status="FAIL" starttime="20240919 16:25:26.771" endtime="20240919 16:25:34.345"/>
</kw>
<status status="FAIL" starttime="20240919 16:25:26.769" endtime="20240919 16:25:34.347"/>
</branch>
<branch type="ELSE IF" condition="'${ENVIRONMENT}' == 'staging'">
<kw name="Log" library="BuiltIn">
<arg>Exécution dans l'environnement STAGING</arg>
<doc>Logs the given message with the given level.</doc>
<status status="NOT RUN" starttime="20240919 16:25:34.348" endtime="20240919 16:25:34.348"/>
</kw>
<kw name="Open Browser" library="SeleniumLibrary">
<arg>${staging.base_url}</arg>
<arg>${staging.browser}</arg>
<doc>Opens a new browser instance to the optional ``url``.</doc>
<status status="NOT RUN" starttime="20240919 16:25:34.349" endtime="20240919 16:25:34.349"/>
</kw>
<status status="NOT RUN" starttime="20240919 16:25:34.348" endtime="20240919 16:25:34.350"/>
</branch>
<branch type="ELSE IF" condition="'${ENVIRONMENT}' == 'prod'">
<kw name="Log" library="BuiltIn">
<arg>Exécution dans l'environnement PROD</arg>
<doc>Logs the given message with the given level.</doc>
<status status="NOT RUN" starttime="20240919 16:25:34.350" endtime="20240919 16:25:34.351"/>
</kw>
<kw name="Open Browser" library="SeleniumLibrary">
<arg>${prod.base_url}</arg>
<arg>${prod.browser}</arg>
<doc>Opens a new browser instance to the optional ``url``.</doc>
<status status="NOT RUN" starttime="20240919 16:25:34.352" endtime="20240919 16:25:34.352"/>
</kw>
<status status="NOT RUN" starttime="20240919 16:25:34.350" endtime="20240919 16:25:34.352"/>
</branch>
<status status="FAIL" starttime="20240919 16:25:26.769" endtime="20240919 16:25:34.353"/>
</if>
<kw name="Maximize Browser Window" library="SeleniumLibrary">
<doc>Maximizes current browser window.</doc>
<status status="NOT RUN" starttime="20240919 16:25:34.353" endtime="20240919 16:25:34.354"/>
</kw>
<kw name="Close Browser" library="SeleniumLibrary">
<doc>Closes the current browser.</doc>
<status status="NOT RUN" starttime="20240919 16:25:34.354" endtime="20240919 16:25:34.354"/>
</kw>
<status status="FAIL" starttime="20240919 16:25:26.768" endtime="20240919 16:25:34.356">WebDriverException: Message: unknown error: net::ERR_PROXY_CONNECTION_FAILED
  (Session info: chrome=128.0.6613.138)
Stacktrace:
	GetHandleVerifier [0x00007FF6DAC99412+29090]
	(No symbol) [0x00007FF6DAC0E239]
	(No symbol) [0x00007FF6DAACB1DA]
	(No symbol) [0x00007FF6DAAC3214]
	(No symbol) [0x00007FF6DAAB4179]
	(No symbol) [0x00007FF6DAAB5F42]
	(No symbol) [0x00007FF6DAAB443F]
	(No symbol) [0x00007FF6DAAB3CD1]
	(No symbol) [0x00007FF6DAAB3C10]
	(No symbol) [0x00007FF6DAAB1ACF]
	(No symbol) [0x00007FF6DAAB214C]
	(No symbol) [0x00007FF6DAACE241]
	(No symbol) [0x00007FF6DAB673CE]
	(No symbol) [0x00007FF6DAB466EA]
	(No symbol) [0x00007FF6DAB665A2]
	(No symbol) [0x00007FF6DAB46493]
	(No symbol) [0x00007FF6DAB109D1]
	(No symbol) [0x00007FF6DAB11B31]
	GetHandleVerifier [0x00007FF6DAFB871D+3302573]
	GetHandleVerifier [0x00007FF6DB004243+3612627]
	GetHandleVerifier [0x00007FF6DAFFA417+3572135]
	GetHandleVerifier [0x00007FF6DAD55EB6+801862]
	(No symbol) [0x00007FF6DAC1945F]
	(No symbol) [0x00007FF6DAC14FB4]
	(No symbol) [0x00007FF6DAC15140]
	(No symbol) [0x00007FF6DAC0461F]
	BaseThreadInitThunk [0x00007FFDD763257D+29]
	RtlUserThreadStart [0x00007FFDD834AF28+40]
</status>
</test>
<status status="FAIL" starttime="20240919 16:25:26.211" endtime="20240919 16:25:34.358"/>
</suite>
<suite id="s1-s4" name="Web Functionality Copy 2" source="C:\Local\TestAutomationAgent\libs\robotframework\templates\default\tests\web_functionality copy 2.robot">
<test id="s1-s4-t1" name="Example Test" line="25">
<kw name="fill login form" library="actions">
<arg>user</arg>
<arg>password</arg>
<kw name="Input Text" library="SeleniumLibrary">
<arg>${username_field_locator}</arg>
<arg>${username}</arg>
<doc>Types the given ``text`` into the text field identified by ``locator``.</doc>
<msg timestamp="20240919 16:25:26.831" level="INFO">Typing text 'user' into text field 'id=username'.</msg>
<msg timestamp="20240919 16:25:26.832" level="INFO">Cannot capture screenshot because no browser is open.</msg>
<msg timestamp="20240919 16:25:26.833" level="FAIL">No browser is open.</msg>
<status status="FAIL" starttime="20240919 16:25:26.830" endtime="20240919 16:25:26.836"/>
</kw>
<kw name="Input Text" library="SeleniumLibrary">
<arg>${password_field_locator}</arg>
<arg>${password}</arg>
<doc>Types the given ``text`` into the text field identified by ``locator``.</doc>
<status status="NOT RUN" starttime="20240919 16:25:26.837" endtime="20240919 16:25:26.838"/>
</kw>
<kw name="Click Button" library="SeleniumLibrary">
<arg>${login_button_locator}</arg>
<doc>Clicks the button identified by ``locator``.</doc>
<status status="NOT RUN" starttime="20240919 16:25:26.838" endtime="20240919 16:25:26.838"/>
</kw>
<status status="FAIL" starttime="20240919 16:25:26.829" endtime="20240919 16:25:26.839"/>
</kw>
<kw name="Maximize Browser Window" library="SeleniumLibrary">
<doc>Maximizes current browser window.</doc>
<status status="NOT RUN" starttime="20240919 16:25:26.840" endtime="20240919 16:25:26.840"/>
</kw>
<kw name="Close Browser" library="SeleniumLibrary">
<doc>Closes the current browser.</doc>
<status status="NOT RUN" starttime="20240919 16:25:26.841" endtime="20240919 16:25:26.841"/>
</kw>
<tag>656121</tag>
<status status="FAIL" starttime="20240919 16:25:26.828" endtime="20240919 16:25:26.842">No browser is open.</status>
</test>
<test id="s1-s4-t2" name="Example Test 2" line="35">
<if>
<branch type="IF" condition="'${ENVIRONMENT}' == 'dev'">
<kw name="Log" library="BuiltIn">
<arg>Exécution dans l'environnement DEV</arg>
<doc>Logs the given message with the given level.</doc>
<msg timestamp="20240919 16:25:26.846" level="INFO">Exécution dans l'environnement DEV</msg>
<status status="PASS" starttime="20240919 16:25:26.846" endtime="20240919 16:25:26.846"/>
</kw>
<kw name="Open Browser" library="SeleniumLibrary">
<arg>${dev.base_url}</arg>
<arg>${dev.browser}</arg>
<doc>Opens a new browser instance to the optional ``url``.</doc>
<msg timestamp="20240919 16:25:26.846" level="INFO">Opening browser 'chrome' to base url 'https://google.com'.</msg>
<msg timestamp="20240919 16:25:28.247" level="WARN">There was an error managing chromedriver (error sending request for url (https://googlechromelabs.github.io/chrome-for-testing/known-good-versions-with-downloads.json)); using driver found in the cache</msg>
<msg timestamp="20240919 16:25:34.550" level="INFO" html="true">&lt;/td&gt;&lt;/tr&gt;&lt;tr&gt;&lt;td colspan="3"&gt;&lt;a href="3-selenium-screenshot-1.png"&gt;&lt;img src="3-selenium-screenshot-1.png" width="800px"&gt;&lt;/a&gt;</msg>
<msg timestamp="20240919 16:25:34.552" level="FAIL">WebDriverException: Message: unknown error: net::ERR_PROXY_CONNECTION_FAILED
  (Session info: chrome=128.0.6613.138)
Stacktrace:
	GetHandleVerifier [0x00007FF6DAC99412+29090]
	(No symbol) [0x00007FF6DAC0E239]
	(No symbol) [0x00007FF6DAACB1DA]
	(No symbol) [0x00007FF6DAAC3214]
	(No symbol) [0x00007FF6DAAB4179]
	(No symbol) [0x00007FF6DAAB5F42]
	(No symbol) [0x00007FF6DAAB443F]
	(No symbol) [0x00007FF6DAAB3CD1]
	(No symbol) [0x00007FF6DAAB3C10]
	(No symbol) [0x00007FF6DAAB1ACF]
	(No symbol) [0x00007FF6DAAB214C]
	(No symbol) [0x00007FF6DAACE241]
	(No symbol) [0x00007FF6DAB673CE]
	(No symbol) [0x00007FF6DAB466EA]
	(No symbol) [0x00007FF6DAB665A2]
	(No symbol) [0x00007FF6DAB46493]
	(No symbol) [0x00007FF6DAB109D1]
	(No symbol) [0x00007FF6DAB11B31]
	GetHandleVerifier [0x00007FF6DAFB871D+3302573]
	GetHandleVerifier [0x00007FF6DB004243+3612627]
	GetHandleVerifier [0x00007FF6DAFFA417+3572135]
	GetHandleVerifier [0x00007FF6DAD55EB6+801862]
	(No symbol) [0x00007FF6DAC1945F]
	(No symbol) [0x00007FF6DAC14FB4]
	(No symbol) [0x00007FF6DAC15140]
	(No symbol) [0x00007FF6DAC0461F]
	BaseThreadInitThunk [0x00007FFDD763257D+29]
	RtlUserThreadStart [0x00007FFDD834AF28+40]
</msg>
<status status="FAIL" starttime="20240919 16:25:26.846" endtime="20240919 16:25:34.555"/>
</kw>
<status status="FAIL" starttime="20240919 16:25:26.846" endtime="20240919 16:25:34.558"/>
</branch>
<branch type="ELSE IF" condition="'${ENVIRONMENT}' == 'staging'">
<kw name="Log" library="BuiltIn">
<arg>Exécution dans l'environnement STAGING</arg>
<doc>Logs the given message with the given level.</doc>
<status status="NOT RUN" starttime="20240919 16:25:34.559" endtime="20240919 16:25:34.559"/>
</kw>
<kw name="Open Browser" library="SeleniumLibrary">
<arg>${staging.base_url}</arg>
<arg>${staging.browser}</arg>
<doc>Opens a new browser instance to the optional ``url``.</doc>
<status status="NOT RUN" starttime="20240919 16:25:34.559" endtime="20240919 16:25:34.560"/>
</kw>
<status status="NOT RUN" starttime="20240919 16:25:34.558" endtime="20240919 16:25:34.561"/>
</branch>
<branch type="ELSE IF" condition="'${ENVIRONMENT}' == 'prod'">
<kw name="Log" library="BuiltIn">
<arg>Exécution dans l'environnement PROD</arg>
<doc>Logs the given message with the given level.</doc>
<status status="NOT RUN" starttime="20240919 16:25:34.562" endtime="20240919 16:25:34.563"/>
</kw>
<kw name="Open Browser" library="SeleniumLibrary">
<arg>${prod.base_url}</arg>
<arg>${prod.browser}</arg>
<doc>Opens a new browser instance to the optional ``url``.</doc>
<status status="NOT RUN" starttime="20240919 16:25:34.563" endtime="20240919 16:25:34.564"/>
</kw>
<status status="NOT RUN" starttime="20240919 16:25:34.561" endtime="20240919 16:25:34.564"/>
</branch>
<status status="FAIL" starttime="20240919 16:25:26.844" endtime="20240919 16:25:34.564"/>
</if>
<kw name="Maximize Browser Window" library="SeleniumLibrary">
<doc>Maximizes current browser window.</doc>
<status status="NOT RUN" starttime="20240919 16:25:34.565" endtime="20240919 16:25:34.565"/>
</kw>
<kw name="Close Browser" library="SeleniumLibrary">
<doc>Closes the current browser.</doc>
<status status="NOT RUN" starttime="20240919 16:25:34.566" endtime="20240919 16:25:34.566"/>
</kw>
<status status="FAIL" starttime="20240919 16:25:26.843" endtime="20240919 16:25:34.567">WebDriverException: Message: unknown error: net::ERR_PROXY_CONNECTION_FAILED
  (Session info: chrome=128.0.6613.138)
Stacktrace:
	GetHandleVerifier [0x00007FF6DAC99412+29090]
	(No symbol) [0x00007FF6DAC0E239]
	(No symbol) [0x00007FF6DAACB1DA]
	(No symbol) [0x00007FF6DAAC3214]
	(No symbol) [0x00007FF6DAAB4179]
	(No symbol) [0x00007FF6DAAB5F42]
	(No symbol) [0x00007FF6DAAB443F]
	(No symbol) [0x00007FF6DAAB3CD1]
	(No symbol) [0x00007FF6DAAB3C10]
	(No symbol) [0x00007FF6DAAB1ACF]
	(No symbol) [0x00007FF6DAAB214C]
	(No symbol) [0x00007FF6DAACE241]
	(No symbol) [0x00007FF6DAB673CE]
	(No symbol) [0x00007FF6DAB466EA]
	(No symbol) [0x00007FF6DAB665A2]
	(No symbol) [0x00007FF6DAB46493]
	(No symbol) [0x00007FF6DAB109D1]
	(No symbol) [0x00007FF6DAB11B31]
	GetHandleVerifier [0x00007FF6DAFB871D+3302573]
	GetHandleVerifier [0x00007FF6DB004243+3612627]
	GetHandleVerifier [0x00007FF6DAFFA417+3572135]
	GetHandleVerifier [0x00007FF6DAD55EB6+801862]
	(No symbol) [0x00007FF6DAC1945F]
	(No symbol) [0x00007FF6DAC14FB4]
	(No symbol) [0x00007FF6DAC15140]
	(No symbol) [0x00007FF6DAC0461F]
	BaseThreadInitThunk [0x00007FFDD763257D+29]
	RtlUserThreadStart [0x00007FFDD834AF28+40]
</status>
</test>
<status status="FAIL" starttime="20240919 16:25:26.293" endtime="20240919 16:25:34.569"/>
</suite>
<suite id="s1-s5" name="Web Functionality Copy 3" source="C:\Local\TestAutomationAgent\libs\robotframework\templates\default\tests\web_functionality copy 3.robot">
<test id="s1-s5-t1" name="Example Test" line="25">
<kw name="Log" library="BuiltIn">
<arg>Environnement : ${ENVIRONMENT}</arg>
<doc>Logs the given message with the given level.</doc>
<msg timestamp="20240919 16:25:26.744" level="INFO">Environnement : dev</msg>
<status status="PASS" starttime="20240919 16:25:26.744" endtime="20240919 16:25:26.744"/>
</kw>
<kw name="Log" library="BuiltIn">
<arg>Base URL : ${${ENVIRONMENT}.base_url}</arg>
<doc>Logs the given message with the given level.</doc>
<msg timestamp="20240919 16:25:26.744" level="INFO">Base URL : https://google.com</msg>
<status status="PASS" starttime="20240919 16:25:26.744" endtime="20240919 16:25:26.744"/>
</kw>
<kw name="Open Browser" library="SeleniumLibrary">
<arg>${${ENVIRONMENT}.base_url}</arg>
<arg>${${ENVIRONMENT}.browser}</arg>
<doc>Opens a new browser instance to the optional ``url``.</doc>
<msg timestamp="20240919 16:25:26.744" level="INFO">Opening browser 'chrome' to base url 'https://google.com'.</msg>
<msg timestamp="20240919 16:25:28.286" level="WARN">There was an error managing chromedriver (error sending request for url (https://googlechromelabs.github.io/chrome-for-testing/known-good-versions-with-downloads.json)); using driver found in the cache</msg>
<msg timestamp="20240919 16:25:34.735" level="INFO" html="true">&lt;/td&gt;&lt;/tr&gt;&lt;tr&gt;&lt;td colspan="3"&gt;&lt;a href="4-selenium-screenshot-1.png"&gt;&lt;img src="4-selenium-screenshot-1.png" width="800px"&gt;&lt;/a&gt;</msg>
<msg timestamp="20240919 16:25:34.735" level="FAIL">WebDriverException: Message: unknown error: net::ERR_PROXY_CONNECTION_FAILED
  (Session info: chrome=128.0.6613.138)
Stacktrace:
	GetHandleVerifier [0x00007FF6DAC99412+29090]
	(No symbol) [0x00007FF6DAC0E239]
	(No symbol) [0x00007FF6DAACB1DA]
	(No symbol) [0x00007FF6DAAC3214]
	(No symbol) [0x00007FF6DAAB4179]
	(No symbol) [0x00007FF6DAAB5F42]
	(No symbol) [0x00007FF6DAAB443F]
	(No symbol) [0x00007FF6DAAB3CD1]
	(No symbol) [0x00007FF6DAAB3C10]
	(No symbol) [0x00007FF6DAAB1ACF]
	(No symbol) [0x00007FF6DAAB214C]
	(No symbol) [0x00007FF6DAACE241]
	(No symbol) [0x00007FF6DAB673CE]
	(No symbol) [0x00007FF6DAB466EA]
	(No symbol) [0x00007FF6DAB665A2]
	(No symbol) [0x00007FF6DAB46493]
	(No symbol) [0x00007FF6DAB109D1]
	(No symbol) [0x00007FF6DAB11B31]
	GetHandleVerifier [0x00007FF6DAFB871D+3302573]
	GetHandleVerifier [0x00007FF6DB004243+3612627]
	GetHandleVerifier [0x00007FF6DAFFA417+3572135]
	GetHandleVerifier [0x00007FF6DAD55EB6+801862]
	(No symbol) [0x00007FF6DAC1945F]
	(No symbol) [0x00007FF6DAC14FB4]
	(No symbol) [0x00007FF6DAC15140]
	(No symbol) [0x00007FF6DAC0461F]
	BaseThreadInitThunk [0x00007FFDD763257D+29]
	RtlUserThreadStart [0x00007FFDD834AF28+40]
</msg>
<status status="FAIL" starttime="20240919 16:25:26.744" endtime="20240919 16:25:34.751"/>
</kw>
<kw name="Maximize Browser Window" library="SeleniumLibrary">
<doc>Maximizes current browser window.</doc>
<status status="NOT RUN" starttime="20240919 16:25:34.755" endtime="20240919 16:25:34.755"/>
</kw>
<kw name="Close Browser" library="SeleniumLibrary">
<doc>Closes the current browser.</doc>
<status status="NOT RUN" starttime="20240919 16:25:34.755" endtime="20240919 16:25:34.756"/>
</kw>
<doc>Ceci est un exemple de test utilisant les variables d'environnement</doc>
<tag>656121</tag>
<status status="FAIL" starttime="20240919 16:25:26.744" endtime="20240919 16:25:34.757">WebDriverException: Message: unknown error: net::ERR_PROXY_CONNECTION_FAILED
  (Session info: chrome=128.0.6613.138)
Stacktrace:
	GetHandleVerifier [0x00007FF6DAC99412+29090]
	(No symbol) [0x00007FF6DAC0E239]
	(No symbol) [0x00007FF6DAACB1DA]
	(No symbol) [0x00007FF6DAAC3214]
	(No symbol) [0x00007FF6DAAB4179]
	(No symbol) [0x00007FF6DAAB5F42]
	(No symbol) [0x00007FF6DAAB443F]
	(No symbol) [0x00007FF6DAAB3CD1]
	(No symbol) [0x00007FF6DAAB3C10]
	(No symbol) [0x00007FF6DAAB1ACF]
	(No symbol) [0x00007FF6DAAB214C]
	(No symbol) [0x00007FF6DAACE241]
	(No symbol) [0x00007FF6DAB673CE]
	(No symbol) [0x00007FF6DAB466EA]
	(No symbol) [0x00007FF6DAB665A2]
	(No symbol) [0x00007FF6DAB46493]
	(No symbol) [0x00007FF6DAB109D1]
	(No symbol) [0x00007FF6DAB11B31]
	GetHandleVerifier [0x00007FF6DAFB871D+3302573]
	GetHandleVerifier [0x00007FF6DB004243+3612627]
	GetHandleVerifier [0x00007FF6DAFFA417+3572135]
	GetHandleVerifier [0x00007FF6DAD55EB6+801862]
	(No symbol) [0x00007FF6DAC1945F]
	(No symbol) [0x00007FF6DAC14FB4]
	(No symbol) [0x00007FF6DAC15140]
	(No symbol) [0x00007FF6DAC0461F]
	BaseThreadInitThunk [0x00007FFDD763257D+29]
	RtlUserThreadStart [0x00007FFDD834AF28+40]
</status>
</test>
<test id="s1-s5-t2" name="Example Test 2" line="34">
<if>
<branch type="IF" condition="'${ENVIRONMENT}' == 'dev'">
<kw name="Log" library="BuiltIn">
<arg>Exécution dans l'environnement DEV</arg>
<doc>Logs the given message with the given level.</doc>
<msg timestamp="20240919 16:25:34.761" level="INFO">Exécution dans l'environnement DEV</msg>
<status status="PASS" starttime="20240919 16:25:34.760" endtime="20240919 16:25:34.761"/>
</kw>
<kw name="Open Browser" library="SeleniumLibrary">
<arg>${dev.base_url}</arg>
<arg>${dev.browser}</arg>
<doc>Opens a new browser instance to the optional ``url``.</doc>
<msg timestamp="20240919 16:25:34.764" level="INFO">Opening browser 'chrome' to base url 'https://google.com'.</msg>
<msg timestamp="20240919 16:25:47.828" level="WARN">There was an error managing chromedriver (error sending request for url (https://googlechromelabs.github.io/chrome-for-testing/known-good-versions-with-downloads.json)); using driver found in the cache</msg>
<msg timestamp="20240919 16:25:49.885" level="INFO" html="true">&lt;/td&gt;&lt;/tr&gt;&lt;tr&gt;&lt;td colspan="3"&gt;&lt;a href="4-selenium-screenshot-2.png"&gt;&lt;img src="4-selenium-screenshot-2.png" width="800px"&gt;&lt;/a&gt;</msg>
<msg timestamp="20240919 16:25:49.886" level="FAIL">WebDriverException: Message: unknown error: net::ERR_PROXY_CONNECTION_FAILED
  (Session info: chrome=128.0.6613.138)
Stacktrace:
	GetHandleVerifier [0x00007FF6DAC99412+29090]
	(No symbol) [0x00007FF6DAC0E239]
	(No symbol) [0x00007FF6DAACB1DA]
	(No symbol) [0x00007FF6DAAC3214]
	(No symbol) [0x00007FF6DAAB4179]
	(No symbol) [0x00007FF6DAAB5F42]
	(No symbol) [0x00007FF6DAAB443F]
	(No symbol) [0x00007FF6DAAB3CD1]
	(No symbol) [0x00007FF6DAAB3C10]
	(No symbol) [0x00007FF6DAAB1ACF]
	(No symbol) [0x00007FF6DAAB214C]
	(No symbol) [0x00007FF6DAACE241]
	(No symbol) [0x00007FF6DAB673CE]
	(No symbol) [0x00007FF6DAB466EA]
	(No symbol) [0x00007FF6DAB665A2]
	(No symbol) [0x00007FF6DAB46493]
	(No symbol) [0x00007FF6DAB109D1]
	(No symbol) [0x00007FF6DAB11B31]
	GetHandleVerifier [0x00007FF6DAFB871D+3302573]
	GetHandleVerifier [0x00007FF6DB004243+3612627]
	GetHandleVerifier [0x00007FF6DAFFA417+3572135]
	GetHandleVerifier [0x00007FF6DAD55EB6+801862]
	(No symbol) [0x00007FF6DAC1945F]
	(No symbol) [0x00007FF6DAC14FB4]
	(No symbol) [0x00007FF6DAC15140]
	(No symbol) [0x00007FF6DAC0461F]
	BaseThreadInitThunk [0x00007FFDD763257D+29]
	RtlUserThreadStart [0x00007FFDD834AF28+40]
</msg>
<status status="FAIL" starttime="20240919 16:25:34.761" endtime="20240919 16:25:49.886"/>
</kw>
<status status="FAIL" starttime="20240919 16:25:34.759" endtime="20240919 16:25:49.889"/>
</branch>
<branch type="ELSE IF" condition="'${ENVIRONMENT}' == 'staging'">
<kw name="Log" library="BuiltIn">
<arg>Exécution dans l'environnement STAGING</arg>
<doc>Logs the given message with the given level.</doc>
<status status="NOT RUN" starttime="20240919 16:25:49.890" endtime="20240919 16:25:49.890"/>
</kw>
<kw name="Open Browser" library="SeleniumLibrary">
<arg>${staging.base_url}</arg>
<arg>${staging.browser}</arg>
<doc>Opens a new browser instance to the optional ``url``.</doc>
<status status="NOT RUN" starttime="20240919 16:25:49.890" endtime="20240919 16:25:49.891"/>
</kw>
<status status="NOT RUN" starttime="20240919 16:25:49.889" endtime="20240919 16:25:49.891"/>
</branch>
<branch type="ELSE IF" condition="'${ENVIRONMENT}' == 'prod'">
<kw name="Log" library="BuiltIn">
<arg>Exécution dans l'environnement PROD</arg>
<doc>Logs the given message with the given level.</doc>
<status status="NOT RUN" starttime="20240919 16:25:49.892" endtime="20240919 16:25:49.892"/>
</kw>
<kw name="Open Browser" library="SeleniumLibrary">
<arg>${prod.base_url}</arg>
<arg>${prod.browser}</arg>
<doc>Opens a new browser instance to the optional ``url``.</doc>
<status status="NOT RUN" starttime="20240919 16:25:49.892" endtime="20240919 16:25:49.893"/>
</kw>
<status status="NOT RUN" starttime="20240919 16:25:49.891" endtime="20240919 16:25:49.893"/>
</branch>
<status status="FAIL" starttime="20240919 16:25:34.759" endtime="20240919 16:25:49.893"/>
</if>
<kw name="Maximize Browser Window" library="SeleniumLibrary">
<doc>Maximizes current browser window.</doc>
<status status="NOT RUN" starttime="20240919 16:25:49.893" endtime="20240919 16:25:49.893"/>
</kw>
<kw name="Close Browser" library="SeleniumLibrary">
<doc>Closes the current browser.</doc>
<status status="NOT RUN" starttime="20240919 16:25:49.894" endtime="20240919 16:25:49.894"/>
</kw>
<status status="FAIL" starttime="20240919 16:25:34.758" endtime="20240919 16:25:49.894">WebDriverException: Message: unknown error: net::ERR_PROXY_CONNECTION_FAILED
  (Session info: chrome=128.0.6613.138)
Stacktrace:
	GetHandleVerifier [0x00007FF6DAC99412+29090]
	(No symbol) [0x00007FF6DAC0E239]
	(No symbol) [0x00007FF6DAACB1DA]
	(No symbol) [0x00007FF6DAAC3214]
	(No symbol) [0x00007FF6DAAB4179]
	(No symbol) [0x00007FF6DAAB5F42]
	(No symbol) [0x00007FF6DAAB443F]
	(No symbol) [0x00007FF6DAAB3CD1]
	(No symbol) [0x00007FF6DAAB3C10]
	(No symbol) [0x00007FF6DAAB1ACF]
	(No symbol) [0x00007FF6DAAB214C]
	(No symbol) [0x00007FF6DAACE241]
	(No symbol) [0x00007FF6DAB673CE]
	(No symbol) [0x00007FF6DAB466EA]
	(No symbol) [0x00007FF6DAB665A2]
	(No symbol) [0x00007FF6DAB46493]
	(No symbol) [0x00007FF6DAB109D1]
	(No symbol) [0x00007FF6DAB11B31]
	GetHandleVerifier [0x00007FF6DAFB871D+3302573]
	GetHandleVerifier [0x00007FF6DB004243+3612627]
	GetHandleVerifier [0x00007FF6DAFFA417+3572135]
	GetHandleVerifier [0x00007FF6DAD55EB6+801862]
	(No symbol) [0x00007FF6DAC1945F]
	(No symbol) [0x00007FF6DAC14FB4]
	(No symbol) [0x00007FF6DAC15140]
	(No symbol) [0x00007FF6DAC0461F]
	BaseThreadInitThunk [0x00007FFDD763257D+29]
	RtlUserThreadStart [0x00007FFDD834AF28+40]
</status>
</test>
<status status="FAIL" starttime="20240919 16:25:26.195" endtime="20240919 16:25:49.896"/>
</suite>
<doc>[https://pabot.org/?ref=log|Pabot] result from 5 executions.</doc>
<status status="FAIL" starttime="20240919 16:25:26.173" endtime="20240919 16:25:49.898"/>
</suite>
<statistics>
<total>
<stat pass="1" fail="8" skip="0">All Tests</stat>
</total>
<tag>
<stat pass="1" fail="0" skip="0">656118</stat>
<stat pass="0" fail="4" skip="0">656121</stat>
<stat pass="1" fail="0" skip="0">Gamera</stat>
</tag>
<suite>
<stat pass="1" fail="8" skip="0" id="s1" name="Tests">Tests</stat>
<stat pass="1" fail="0" skip="0" id="s1-s1" name="Import Libs Functionality">Tests.Import Libs Functionality</stat>
<stat pass="0" fail="2" skip="0" id="s1-s2" name="Web Functionality">Tests.Web Functionality</stat>
<stat pass="0" fail="2" skip="0" id="s1-s3" name="Web Functionality Copy">Tests.Web Functionality Copy</stat>
<stat pass="0" fail="2" skip="0" id="s1-s4" name="Web Functionality Copy 2">Tests.Web Functionality Copy 2</stat>
<stat pass="0" fail="2" skip="0" id="s1-s5" name="Web Functionality Copy 3">Tests.Web Functionality Copy 3</stat>
</suite>
</statistics>
<errors>
<msg timestamp="20240919 16:25:28.270" level="WARN">There was an error managing chromedriver (error sending request for url (https://googlechromelabs.github.io/chrome-for-testing/known-good-versions-with-downloads.json)); using driver found in the cache</msg>
<msg timestamp="20240919 16:25:28.247" level="WARN">There was an error managing chromedriver (error sending request for url (https://googlechromelabs.github.io/chrome-for-testing/known-good-versions-with-downloads.json)); using driver found in the cache</msg>
<msg timestamp="20240919 16:25:28.247" level="WARN">There was an error managing chromedriver (error sending request for url (https://googlechromelabs.github.io/chrome-for-testing/known-good-versions-with-downloads.json)); using driver found in the cache</msg>
<msg timestamp="20240919 16:25:28.286" level="WARN">There was an error managing chromedriver (error sending request for url (https://googlechromelabs.github.io/chrome-for-testing/known-good-versions-with-downloads.json)); using driver found in the cache</msg>
<msg timestamp="20240919 16:25:47.828" level="WARN">There was an error managing chromedriver (error sending request for url (https://googlechromelabs.github.io/chrome-for-testing/known-good-versions-with-downloads.json)); using driver found in the cache</msg>
</errors>
</robot>
