<?xml version="1.0" encoding="UTF-8"?>
<robot generator="Robot 5.0.1 (Python 3.9.2 on win32)" generated="20240919 16:25:26.151" rpa="false" schemaversion="3">
<suite id="s1" name="Tests" source="C:\Local\TestAutomationAgent\libs\robotframework\templates\default\tests">
<suite id="s1-s1" name="Web Functionality Copy 3" source="C:\Local\TestAutomationAgent\libs\robotframework\templates\default\tests\web_functionality copy 3.robot">
<test id="s1-s1-t1" name="Example Test" line="25">
<kw name="Log" library="BuiltIn">
<arg>Environnement : ${ENVIRONMENT}</arg>
<doc>Logs the given message with the given level.</doc>
<msg timestamp="20240919 16:25:26.744" level="INFO">Environnement : dev</msg>
<status status="PASS" starttime="20240919 16:25:26.744" endtime="20240919 16:25:26.744"/>
</kw>
<kw name="Log" library="BuiltIn">
<arg>Base URL : ${${ENVIRONMENT}.base_url}</arg>
<doc>Logs the given message with the given level.</doc>
<msg timestamp="20240919 16:25:26.744" level="INFO">Base URL : https://google.com</msg>
<status status="PASS" starttime="20240919 16:25:26.744" endtime="20240919 16:25:26.744"/>
</kw>
<kw name="Open Browser" library="SeleniumLibrary">
<arg>${${ENVIRONMENT}.base_url}</arg>
<arg>${${ENVIRONMENT}.browser}</arg>
<doc>Opens a new browser instance to the optional ``url``.</doc>
<msg timestamp="20240919 16:25:26.744" level="INFO">Opening browser 'chrome' to base url 'https://google.com'.</msg>
<msg timestamp="20240919 16:25:28.286" level="WARN">There was an error managing chromedriver (error sending request for url (https://googlechromelabs.github.io/chrome-for-testing/known-good-versions-with-downloads.json)); using driver found in the cache</msg>
<msg timestamp="20240919 16:25:34.735" level="INFO" html="true">&lt;/td&gt;&lt;/tr&gt;&lt;tr&gt;&lt;td colspan="3"&gt;&lt;a href="selenium-screenshot-1.png"&gt;&lt;img src="selenium-screenshot-1.png" width="800px"&gt;&lt;/a&gt;</msg>
<msg timestamp="20240919 16:25:34.735" level="FAIL">WebDriverException: Message: unknown error: net::ERR_PROXY_CONNECTION_FAILED
  (Session info: chrome=128.0.6613.138)
Stacktrace:
	GetHandleVerifier [0x00007FF6DAC99412+29090]
	(No symbol) [0x00007FF6DAC0E239]
	(No symbol) [0x00007FF6DAACB1DA]
	(No symbol) [0x00007FF6DAAC3214]
	(No symbol) [0x00007FF6DAAB4179]
	(No symbol) [0x00007FF6DAAB5F42]
	(No symbol) [0x00007FF6DAAB443F]
	(No symbol) [0x00007FF6DAAB3CD1]
	(No symbol) [0x00007FF6DAAB3C10]
	(No symbol) [0x00007FF6DAAB1ACF]
	(No symbol) [0x00007FF6DAAB214C]
	(No symbol) [0x00007FF6DAACE241]
	(No symbol) [0x00007FF6DAB673CE]
	(No symbol) [0x00007FF6DAB466EA]
	(No symbol) [0x00007FF6DAB665A2]
	(No symbol) [0x00007FF6DAB46493]
	(No symbol) [0x00007FF6DAB109D1]
	(No symbol) [0x00007FF6DAB11B31]
	GetHandleVerifier [0x00007FF6DAFB871D+3302573]
	GetHandleVerifier [0x00007FF6DB004243+3612627]
	GetHandleVerifier [0x00007FF6DAFFA417+3572135]
	GetHandleVerifier [0x00007FF6DAD55EB6+801862]
	(No symbol) [0x00007FF6DAC1945F]
	(No symbol) [0x00007FF6DAC14FB4]
	(No symbol) [0x00007FF6DAC15140]
	(No symbol) [0x00007FF6DAC0461F]
	BaseThreadInitThunk [0x00007FFDD763257D+29]
	RtlUserThreadStart [0x00007FFDD834AF28+40]
</msg>
<status status="FAIL" starttime="20240919 16:25:26.744" endtime="20240919 16:25:34.751"/>
</kw>
<kw name="Maximize Browser Window" library="SeleniumLibrary">
<doc>Maximizes current browser window.</doc>
<status status="NOT RUN" starttime="20240919 16:25:34.755" endtime="20240919 16:25:34.755"/>
</kw>
<kw name="Close Browser" library="SeleniumLibrary">
<doc>Closes the current browser.</doc>
<status status="NOT RUN" starttime="20240919 16:25:34.755" endtime="20240919 16:25:34.756"/>
</kw>
<doc>Ceci est un exemple de test utilisant les variables d'environnement</doc>
<tag>656121</tag>
<status status="FAIL" starttime="20240919 16:25:26.744" endtime="20240919 16:25:34.757">WebDriverException: Message: unknown error: net::ERR_PROXY_CONNECTION_FAILED
  (Session info: chrome=128.0.6613.138)
Stacktrace:
	GetHandleVerifier [0x00007FF6DAC99412+29090]
	(No symbol) [0x00007FF6DAC0E239]
	(No symbol) [0x00007FF6DAACB1DA]
	(No symbol) [0x00007FF6DAAC3214]
	(No symbol) [0x00007FF6DAAB4179]
	(No symbol) [0x00007FF6DAAB5F42]
	(No symbol) [0x00007FF6DAAB443F]
	(No symbol) [0x00007FF6DAAB3CD1]
	(No symbol) [0x00007FF6DAAB3C10]
	(No symbol) [0x00007FF6DAAB1ACF]
	(No symbol) [0x00007FF6DAAB214C]
	(No symbol) [0x00007FF6DAACE241]
	(No symbol) [0x00007FF6DAB673CE]
	(No symbol) [0x00007FF6DAB466EA]
	(No symbol) [0x00007FF6DAB665A2]
	(No symbol) [0x00007FF6DAB46493]
	(No symbol) [0x00007FF6DAB109D1]
	(No symbol) [0x00007FF6DAB11B31]
	GetHandleVerifier [0x00007FF6DAFB871D+3302573]
	GetHandleVerifier [0x00007FF6DB004243+3612627]
	GetHandleVerifier [0x00007FF6DAFFA417+3572135]
	GetHandleVerifier [0x00007FF6DAD55EB6+801862]
	(No symbol) [0x00007FF6DAC1945F]
	(No symbol) [0x00007FF6DAC14FB4]
	(No symbol) [0x00007FF6DAC15140]
	(No symbol) [0x00007FF6DAC0461F]
	BaseThreadInitThunk [0x00007FFDD763257D+29]
	RtlUserThreadStart [0x00007FFDD834AF28+40]
</status>
</test>
<test id="s1-s1-t2" name="Example Test 2" line="34">
<if>
<branch type="IF" condition="'${ENVIRONMENT}' == 'dev'">
<kw name="Log" library="BuiltIn">
<arg>Exécution dans l'environnement DEV</arg>
<doc>Logs the given message with the given level.</doc>
<msg timestamp="20240919 16:25:34.761" level="INFO">Exécution dans l'environnement DEV</msg>
<status status="PASS" starttime="20240919 16:25:34.760" endtime="20240919 16:25:34.761"/>
</kw>
<kw name="Open Browser" library="SeleniumLibrary">
<arg>${dev.base_url}</arg>
<arg>${dev.browser}</arg>
<doc>Opens a new browser instance to the optional ``url``.</doc>
<msg timestamp="20240919 16:25:34.764" level="INFO">Opening browser 'chrome' to base url 'https://google.com'.</msg>
<msg timestamp="20240919 16:25:47.828" level="WARN">There was an error managing chromedriver (error sending request for url (https://googlechromelabs.github.io/chrome-for-testing/known-good-versions-with-downloads.json)); using driver found in the cache</msg>
<msg timestamp="20240919 16:25:49.885" level="INFO" html="true">&lt;/td&gt;&lt;/tr&gt;&lt;tr&gt;&lt;td colspan="3"&gt;&lt;a href="selenium-screenshot-2.png"&gt;&lt;img src="selenium-screenshot-2.png" width="800px"&gt;&lt;/a&gt;</msg>
<msg timestamp="20240919 16:25:49.886" level="FAIL">WebDriverException: Message: unknown error: net::ERR_PROXY_CONNECTION_FAILED
  (Session info: chrome=128.0.6613.138)
Stacktrace:
	GetHandleVerifier [0x00007FF6DAC99412+29090]
	(No symbol) [0x00007FF6DAC0E239]
	(No symbol) [0x00007FF6DAACB1DA]
	(No symbol) [0x00007FF6DAAC3214]
	(No symbol) [0x00007FF6DAAB4179]
	(No symbol) [0x00007FF6DAAB5F42]
	(No symbol) [0x00007FF6DAAB443F]
	(No symbol) [0x00007FF6DAAB3CD1]
	(No symbol) [0x00007FF6DAAB3C10]
	(No symbol) [0x00007FF6DAAB1ACF]
	(No symbol) [0x00007FF6DAAB214C]
	(No symbol) [0x00007FF6DAACE241]
	(No symbol) [0x00007FF6DAB673CE]
	(No symbol) [0x00007FF6DAB466EA]
	(No symbol) [0x00007FF6DAB665A2]
	(No symbol) [0x00007FF6DAB46493]
	(No symbol) [0x00007FF6DAB109D1]
	(No symbol) [0x00007FF6DAB11B31]
	GetHandleVerifier [0x00007FF6DAFB871D+3302573]
	GetHandleVerifier [0x00007FF6DB004243+3612627]
	GetHandleVerifier [0x00007FF6DAFFA417+3572135]
	GetHandleVerifier [0x00007FF6DAD55EB6+801862]
	(No symbol) [0x00007FF6DAC1945F]
	(No symbol) [0x00007FF6DAC14FB4]
	(No symbol) [0x00007FF6DAC15140]
	(No symbol) [0x00007FF6DAC0461F]
	BaseThreadInitThunk [0x00007FFDD763257D+29]
	RtlUserThreadStart [0x00007FFDD834AF28+40]
</msg>
<status status="FAIL" starttime="20240919 16:25:34.761" endtime="20240919 16:25:49.886"/>
</kw>
<status status="FAIL" starttime="20240919 16:25:34.759" endtime="20240919 16:25:49.889"/>
</branch>
<branch type="ELSE IF" condition="'${ENVIRONMENT}' == 'staging'">
<kw name="Log" library="BuiltIn">
<arg>Exécution dans l'environnement STAGING</arg>
<doc>Logs the given message with the given level.</doc>
<status status="NOT RUN" starttime="20240919 16:25:49.890" endtime="20240919 16:25:49.890"/>
</kw>
<kw name="Open Browser" library="SeleniumLibrary">
<arg>${staging.base_url}</arg>
<arg>${staging.browser}</arg>
<doc>Opens a new browser instance to the optional ``url``.</doc>
<status status="NOT RUN" starttime="20240919 16:25:49.890" endtime="20240919 16:25:49.891"/>
</kw>
<status status="NOT RUN" starttime="20240919 16:25:49.889" endtime="20240919 16:25:49.891"/>
</branch>
<branch type="ELSE IF" condition="'${ENVIRONMENT}' == 'prod'">
<kw name="Log" library="BuiltIn">
<arg>Exécution dans l'environnement PROD</arg>
<doc>Logs the given message with the given level.</doc>
<status status="NOT RUN" starttime="20240919 16:25:49.892" endtime="20240919 16:25:49.892"/>
</kw>
<kw name="Open Browser" library="SeleniumLibrary">
<arg>${prod.base_url}</arg>
<arg>${prod.browser}</arg>
<doc>Opens a new browser instance to the optional ``url``.</doc>
<status status="NOT RUN" starttime="20240919 16:25:49.892" endtime="20240919 16:25:49.893"/>
</kw>
<status status="NOT RUN" starttime="20240919 16:25:49.891" endtime="20240919 16:25:49.893"/>
</branch>
<status status="FAIL" starttime="20240919 16:25:34.759" endtime="20240919 16:25:49.893"/>
</if>
<kw name="Maximize Browser Window" library="SeleniumLibrary">
<doc>Maximizes current browser window.</doc>
<status status="NOT RUN" starttime="20240919 16:25:49.893" endtime="20240919 16:25:49.893"/>
</kw>
<kw name="Close Browser" library="SeleniumLibrary">
<doc>Closes the current browser.</doc>
<status status="NOT RUN" starttime="20240919 16:25:49.894" endtime="20240919 16:25:49.894"/>
</kw>
<status status="FAIL" starttime="20240919 16:25:34.758" endtime="20240919 16:25:49.894">WebDriverException: Message: unknown error: net::ERR_PROXY_CONNECTION_FAILED
  (Session info: chrome=128.0.6613.138)
Stacktrace:
	GetHandleVerifier [0x00007FF6DAC99412+29090]
	(No symbol) [0x00007FF6DAC0E239]
	(No symbol) [0x00007FF6DAACB1DA]
	(No symbol) [0x00007FF6DAAC3214]
	(No symbol) [0x00007FF6DAAB4179]
	(No symbol) [0x00007FF6DAAB5F42]
	(No symbol) [0x00007FF6DAAB443F]
	(No symbol) [0x00007FF6DAAB3CD1]
	(No symbol) [0x00007FF6DAAB3C10]
	(No symbol) [0x00007FF6DAAB1ACF]
	(No symbol) [0x00007FF6DAAB214C]
	(No symbol) [0x00007FF6DAACE241]
	(No symbol) [0x00007FF6DAB673CE]
	(No symbol) [0x00007FF6DAB466EA]
	(No symbol) [0x00007FF6DAB665A2]
	(No symbol) [0x00007FF6DAB46493]
	(No symbol) [0x00007FF6DAB109D1]
	(No symbol) [0x00007FF6DAB11B31]
	GetHandleVerifier [0x00007FF6DAFB871D+3302573]
	GetHandleVerifier [0x00007FF6DB004243+3612627]
	GetHandleVerifier [0x00007FF6DAFFA417+3572135]
	GetHandleVerifier [0x00007FF6DAD55EB6+801862]
	(No symbol) [0x00007FF6DAC1945F]
	(No symbol) [0x00007FF6DAC14FB4]
	(No symbol) [0x00007FF6DAC15140]
	(No symbol) [0x00007FF6DAC0461F]
	BaseThreadInitThunk [0x00007FFDD763257D+29]
	RtlUserThreadStart [0x00007FFDD834AF28+40]
</status>
</test>
<status status="FAIL" starttime="20240919 16:25:26.195" endtime="20240919 16:25:49.896"/>
</suite>
<status status="FAIL" starttime="20240919 16:25:26.173" endtime="20240919 16:25:49.898"/>
</suite>
<statistics>
<total>
<stat pass="0" fail="2" skip="0">All Tests</stat>
</total>
<tag>
<stat pass="0" fail="1" skip="0">656121</stat>
</tag>
<suite>
<stat pass="0" fail="2" skip="0" id="s1" name="Tests">Tests</stat>
<stat pass="0" fail="2" skip="0" id="s1-s1" name="Web Functionality Copy 3">Tests.Web Functionality Copy 3</stat>
</suite>
</statistics>
<errors>
<msg timestamp="20240919 16:25:28.286" level="WARN">There was an error managing chromedriver (error sending request for url (https://googlechromelabs.github.io/chrome-for-testing/known-good-versions-with-downloads.json)); using driver found in the cache</msg>
<msg timestamp="20240919 16:25:47.828" level="WARN">There was an error managing chromedriver (error sending request for url (https://googlechromelabs.github.io/chrome-for-testing/known-good-versions-with-downloads.json)); using driver found in the cache</msg>
</errors>
</robot>
